
> web@0.1.0 dev
> next dev

▲ Next.js 16.1.6 (Turbopack)
- Local:         http://localhost:3000
- Network:       http://155.48.176.165:3000
- Environments: .env.local

✓ Starting...
✓ Ready in 587ms
charting/games GET: Error: Failed query: select "id", "opponent", "game_date", "status", "revision", "charter", "weather", "home_catcher", "away_catcher", "babson_record", "standing", "tomorrow_starter", "tomorrow_opponent", "notes", "created_at", "updated_at" from "charting_games" order by "charting_games"."game_date" desc
params: 
    at async GET (app/api/charting/games/route.ts:11:18)
   9 | export async function GET() {
  10 |   try {
> 11 |     const rows = await db
     |                  ^
  12 |       .select()
  13 |       .from(chartingGames)
  14 |       .orderBy(desc(chartingGames.gameDate)); {
  query: 'select "id", "opponent", "game_date", "status", "revision", "charter", "weather", "home_catcher", "away_catcher", "babson_record", "standing", "tomorrow_starter", "tomorrow_opponent", "notes", "created_at", "updated_at" from "charting_games" order by "charting_games"."game_date" desc',
  params: [],
  [cause]: Error [NeonDbError]: relation "charting_games" does not exist
      at async GET (app/api/charting/games/route.ts:11:18)
     9 | export async function GET() {
    10 |   try {
  > 11 |     const rows = await db
       |                  ^
    12 |       .select()
    13 |       .from(chartingGames)
    14 |       .orderBy(desc(chartingGames.gameDate)); {
    severity: 'ERROR',
    code: '42P01',
    detail: undefined,
    hint: undefined,
    position: '226',
    internalPosition: undefined,
    internalQuery: undefined,
    where: undefined,
    schema: undefined,
    table: undefined,
    column: undefined,
    dataType: undefined,
    constraint: undefined,
    file: 'parse_relation.c',
    line: '1449',
    routine: 'parserOpenTable',
    sourceError: undefined
  }
}
 HEAD /api/charting/games 500 in 628ms (compile: 238ms, proxy.ts: 63ms, render: 327ms)
 POST /api/charting/games 400 in 8ms (compile: 1888µs, proxy.ts: 3ms, render: 4ms)
 GET /api/charting/bootstrap 200 in 173ms (compile: 81ms, proxy.ts: 3ms, render: 89ms)
 POST /api/charting/games 201 in 98ms (compile: 1330µs, proxy.ts: 6ms, render: 91ms)
 GET /api/charting/games/25cd0007-8961-477e-8648-d5c95c1b8159 200 in 690ms (compile: 570ms, proxy.ts: 7ms, render: 113ms)
 PATCH /api/charting/games/25cd0007-8961-477e-8648-d5c95c1b8159 200 in 40ms (compile: 7ms, proxy.ts: 3ms, render: 29ms)
 GET /api/charting/games/25cd0007-8961-477e-8648-d5c95c1b8159 200 in 164ms (compile: 5ms, proxy.ts: 2ms, render: 157ms)
 PATCH /api/charting/games/25cd0007-8961-477e-8648-d5c95c1b8159 200 in 36ms (compile: 7ms, proxy.ts: 3ms, render: 26ms)
 GET /api/charting/games/25cd0007-8961-477e-8648-d5c95c1b8159 200 in 330ms (compile: 47ms, proxy.ts: 32ms, render: 252ms)
 GET /api/charting/games/25cd0007-8961-477e-8648-d5c95c1b8159 200 in 60ms (compile: 4ms, proxy.ts: 1799µs, render: 55ms)
 PATCH /api/charting/games/25cd0007-8961-477e-8648-d5c95c1b8159 200 in 22ms (compile: 2ms, proxy.ts: 3ms, render: 17ms)
 PATCH /api/charting/games/25cd0007-8961-477e-8648-d5c95c1b8159 409 in 69ms (compile: 6ms, proxy.ts: 8ms, render: 55ms)
 GET /api/charting/games/25cd0007-8961-477e-8648-d5c95c1b8159 200 in 201ms (compile: 5ms, proxy.ts: 9ms, render: 187ms)
 PATCH /api/charting/games/25cd0007-8961-477e-8648-d5c95c1b8159 200 in 39ms (compile: 4ms, proxy.ts: 4ms, render: 31ms)
 GET /player/CBurrows1?outingId=CBurrows1%2F2026_03_01&from=command 200 in 1711ms (compile: 1591ms, proxy.ts: 5ms, render: 115ms)
 GET / 200 in 414ms (compile: 379ms, proxy.ts: 2ms, render: 33ms)
 GET /player/CBurrows1?outingId=CBurrows1%2F2026_03_01&from=command 200 in 33ms (compile: 4ms, proxy.ts: 1657µs, render: 27ms)
 GET /charting 200 in 617ms (compile: 485ms, proxy.ts: 2ms, render: 129ms)
Error: Route "/charting/games/[id]" used `params.id`. `params` is a Promise and must be unwrapped with `await` or `React.use()` before accessing its properties. Learn more: https://nextjs.org/docs/messages/sync-dynamic-apis
    at ChartingGamePage (app/charting/games/[id]/page.tsx:76:27)
  74 |     params: { id: string };
  75 | }) {
> 76 |     const gameId = params.id;
     |                           ^
  77 |
  78 |     // 1. Fetch game core
  79 |     const [game] = await db
 GET /charting/games/25cd0007-8961-477e-8648-d5c95c1b8159 200 in 664ms (compile: 595ms, proxy.ts: 3ms, render: 65ms)
 GET /api/charting/games/25cd0007-8961-477e-8648-d5c95c1b8159 200 in 178ms (compile: 10ms, proxy.ts: 8ms, render: 160ms)
 PATCH /api/charting/games/25cd0007-8961-477e-8648-d5c95c1b8159 200 in 39ms (compile: 5ms, proxy.ts: 4ms, render: 30ms)
 GET /api/charting/games/25cd0007-8961-477e-8648-d5c95c1b8159 200 in 700ms (compile: 6ms, proxy.ts: 7ms, render: 688ms)
 PATCH /api/charting/games/25cd0007-8961-477e-8648-d5c95c1b8159 200 in 38ms (compile: 5ms, proxy.ts: 3ms, render: 31ms)
 GET /api/charting/games/25cd0007-8961-477e-8648-d5c95c1b8159 200 in 239ms (compile: 7ms, proxy.ts: 7ms, render: 225ms)
 PATCH /api/charting/games/25cd0007-8961-477e-8648-d5c95c1b8159 200 in 49ms (compile: 3ms, proxy.ts: 1969µs, render: 44ms)
 GET /api/charting/games/25cd0007-8961-477e-8648-d5c95c1b8159 200 in 415ms (compile: 8ms, proxy.ts: 4ms, render: 403ms)
 PATCH /api/charting/games/25cd0007-8961-477e-8648-d5c95c1b8159 200 in 63ms (compile: 10ms, proxy.ts: 4ms, render: 49ms)
 GET /api/charting/games/25cd0007-8961-477e-8648-d5c95c1b8159 200 in 285ms (compile: 9ms, proxy.ts: 4ms, render: 271ms)
 PATCH /api/charting/games/25cd0007-8961-477e-8648-d5c95c1b8159 200 in 35ms (compile: 5ms, proxy.ts: 4ms, render: 26ms)
 GET /api/charting/games/25cd0007-8961-477e-8648-d5c95c1b8159 200 in 284ms (compile: 7ms, proxy.ts: 6ms, render: 270ms)
 PATCH /api/charting/games/25cd0007-8961-477e-8648-d5c95c1b8159 200 in 48ms (compile: 7ms, proxy.ts: 8ms, render: 32ms)
 GET /api/charting/games/25cd0007-8961-477e-8648-d5c95c1b8159 200 in 197ms (compile: 7ms, proxy.ts: 5ms, render: 185ms)
 PATCH /api/charting/games/25cd0007-8961-477e-8648-d5c95c1b8159 200 in 33ms (compile: 4ms, proxy.ts: 2ms, render: 27ms)
✓ Compiled in 244ms
 GET /player/CBurrows1?outingId=CBurrows1%2F2026_03_01&from=command 200 in 248ms (compile: 135ms, proxy.ts: 59ms, render: 54ms)
 GET /charting 200 in 281ms (compile: 153ms, proxy.ts: 18ms, render: 110ms)
 GET /charting 200 in 78ms (compile: 4ms, proxy.ts: 2ms, render: 71ms)
 GET /player/CBurrows1?outingId=CBurrows1%2F2026_03_01&from=command 200 in 107ms (compile: 20ms, proxy.ts: 4ms, render: 83ms)
 GET /charting 200 in 103ms (compile: 19ms, proxy.ts: 5ms, render: 78ms)
 GET /player/CBurrows1?outingId=CBurrows1%2F2026_03_01&from=command 200 in 63ms (compile: 7ms, proxy.ts: 3ms, render: 54ms)
 GET /charting 200 in 72ms (compile: 14ms, proxy.ts: 3ms, render: 55ms)
 GET /player/CBurrows1?outingId=CBurrows1%2F2026_03_01&from=command 200 in 60ms (compile: 13ms, proxy.ts: 1569µs, render: 45ms)
 GET /charting 200 in 61ms (compile: 2ms, proxy.ts: 1537µs, render: 58ms)
 GET /charting 200 in 70ms (compile: 3ms, proxy.ts: 11ms, render: 56ms)
 GET /player/CBurrows1?outingId=CBurrows1%2F2026_03_01&from=command 200 in 60ms (compile: 13ms, proxy.ts: 2ms, render: 44ms)
 GET /charting 200 in 49ms (compile: 2ms, proxy.ts: 11ms, render: 35ms)
 GET /player/CBurrows1?outingId=CBurrows1%2F2026_03_01&from=command 200 in 55ms (compile: 4ms, proxy.ts: 11ms, render: 41ms)
 GET /charting 200 in 44ms (compile: 11ms, proxy.ts: 1775µs, render: 32ms)
 GET /player/CBurrows1?outingId=CBurrows1%2F2026_03_01&from=command 200 in 24ms (compile: 13ms, proxy.ts: 2ms, render: 9ms)
 GET /charting 200 in 23ms (compile: 2ms, proxy.ts: 1575µs, render: 19ms)
 GET /player/CBurrows1?outingId=CBurrows1%2F2026_03_01&from=command 200 in 62ms (compile: 16ms, proxy.ts: 1619µs, render: 45ms)
 GET /charting 200 in 65ms (compile: 1641µs, proxy.ts: 1813µs, render: 61ms)
 GET /charting 200 in 69ms (compile: 2ms, proxy.ts: 10ms, render: 57ms)
 GET /player/CBurrows1?outingId=CBurrows1%2F2026_03_01&from=command 200 in 62ms (compile: 13ms, proxy.ts: 1946µs, render: 46ms)
 GET /charting 200 in 64ms (compile: 13ms, proxy.ts: 2ms, render: 49ms)
 GET /player/CBurrows1?outingId=CBurrows1%2F2026_03_01&from=command 200 in 66ms (compile: 12ms, proxy.ts: 14ms, render: 41ms)
 GET /charting 200 in 65ms (compile: 1669µs, proxy.ts: 1626µs, render: 61ms)
 GET /charting 200 in 66ms (compile: 2ms, proxy.ts: 4ms, render: 60ms)
 GET /player/CBurrows1?outingId=CBurrows1%2F2026_03_01&from=command 200 in 65ms (compile: 16ms, proxy.ts: 3ms, render: 47ms)
 GET /charting 200 in 55ms (compile: 15ms, proxy.ts: 2ms, render: 38ms)
 GET /player/CBurrows1?outingId=CBurrows1%2F2026_03_01&from=command 200 in 62ms (compile: 13ms, proxy.ts: 14ms, render: 36ms)
 GET /charting 200 in 61ms (compile: 1921µs, proxy.ts: 2ms, render: 57ms)
 GET /charting 200 in 65ms (compile: 3ms, proxy.ts: 3ms, render: 59ms)
 GET /player/CBurrows1?outingId=CBurrows1%2F2026_03_01&from=command 200 in 65ms (compile: 16ms, proxy.ts: 3ms, render: 47ms)
 GET /charting 200 in 66ms (compile: 2ms, proxy.ts: 11ms, render: 52ms)
 GET /player/CBurrows1?outingId=CBurrows1%2F2026_03_01&from=command 200 in 82ms (compile: 4ms, proxy.ts: 11ms, render: 67ms)
 GET /charting 200 in 83ms (compile: 11ms, proxy.ts: 1553µs, render: 71ms)
 GET /player/CBurrows1?outingId=CBurrows1%2F2026_03_01&from=command 200 in 69ms (compile: 15ms, proxy.ts: 5ms, render: 49ms)
 GET /charting 200 in 77ms (compile: 1959µs, proxy.ts: 3ms, render: 72ms)
 GET /charting 200 in 49ms (compile: 3ms, proxy.ts: 4ms, render: 41ms)
 GET /player/CBurrows1?outingId=CBurrows1%2F2026_03_01&from=command 200 in 56ms (compile: 13ms, proxy.ts: 4ms, render: 39ms)
 GET /charting 200 in 54ms (compile: 2ms, proxy.ts: 10ms, render: 42ms)
 GET /player/CBurrows1?outingId=CBurrows1%2F2026_03_01&from=command 200 in 55ms (compile: 4ms, proxy.ts: 11ms, render: 40ms)
 GET /charting 200 in 55ms (compile: 10ms, proxy.ts: 1413µs, render: 43ms)
 GET /player/CBurrows1?outingId=CBurrows1%2F2026_03_01&from=command 200 in 58ms (compile: 13ms, proxy.ts: 10ms, render: 35ms)
 GET /charting 200 in 58ms (compile: 2ms, proxy.ts: 1565µs, render: 54ms)
 GET /charting 200 in 58ms (compile: 2ms, proxy.ts: 2ms, render: 53ms)
 GET /player/CBurrows1?outingId=CBurrows1%2F2026_03_01&from=command 200 in 58ms (compile: 15ms, proxy.ts: 1897µs, render: 41ms)
 GET /charting 200 in 49ms (compile: 3ms, proxy.ts: 12ms, render: 34ms)
 GET /player/CBurrows1?outingId=CBurrows1%2F2026_03_01&from=command 200 in 56ms (compile: 3ms, proxy.ts: 11ms, render: 42ms)
 GET /charting 200 in 57ms (compile: 9ms, proxy.ts: 1187µs, render: 46ms)
 GET /player/CBurrows1?outingId=CBurrows1%2F2026_03_01&from=command 200 in 53ms (compile: 12ms, proxy.ts: 3ms, render: 37ms)
 GET /charting 200 in 61ms (compile: 2000µs, proxy.ts: 2ms, render: 56ms)
 GET /charting 200 in 60ms (compile: 1879µs, proxy.ts: 3ms, render: 54ms)
 GET /player/CBurrows1?outingId=CBurrows1%2F2026_03_01&from=command 200 in 59ms (compile: 17ms, proxy.ts: 3ms, render: 40ms)
 GET /charting 200 in 49ms (compile: 3ms, proxy.ts: 14ms, render: 32ms)
 GET /player/CBurrows1?outingId=CBurrows1%2F2026_03_01&from=command 200 in 54ms (compile: 4ms, proxy.ts: 10ms, render: 40ms)
 GET /charting 200 in 45ms (compile: 9ms, proxy.ts: 1397µs, render: 35ms)
 GET /player/CBurrows1?outingId=CBurrows1%2F2026_03_01&from=command 200 in 51ms (compile: 13ms, proxy.ts: 3ms, render: 35ms)
 GET /charting 200 in 59ms (compile: 2ms, proxy.ts: 1399µs, render: 56ms)
 GET /charting 200 in 58ms (compile: 3ms, proxy.ts: 1940µs, render: 53ms)
 GET /player/CBurrows1?outingId=CBurrows1%2F2026_03_01&from=command 200 in 58ms (compile: 12ms, proxy.ts: 2ms, render: 43ms)
 GET /charting 200 in 56ms (compile: 3ms, proxy.ts: 12ms, render: 41ms)
 GET /player/CBurrows1?outingId=CBurrows1%2F2026_03_01&from=command 200 in 46ms (compile: 11ms, proxy.ts: 12ms, render: 23ms)
 GET /charting 200 in 52ms (compile: 1430µs, proxy.ts: 1219µs, render: 49ms)
 GET /charting 200 in 58ms (compile: 1823µs, proxy.ts: 3ms, render: 53ms)
 GET /player/CBurrows1?outingId=CBurrows1%2F2026_03_01&from=command 200 in 58ms (compile: 12ms, proxy.ts: 1746µs, render: 44ms)
 GET /charting 200 in 58ms (compile: 10ms, proxy.ts: 1552µs, render: 47ms)
 GET /player/CBurrows1?outingId=CBurrows1%2F2026_03_01&from=command 200 in 61ms (compile: 12ms, proxy.ts: 11ms, render: 38ms)
 GET /charting 200 in 61ms (compile: 1765µs, proxy.ts: 1814µs, render: 58ms)
 GET /player/CBurrows1?outingId=CBurrows1%2F2026_03_01&from=command 200 in 58ms (compile: 13ms, proxy.ts: 2ms, render: 43ms)
 GET /charting 200 in 59ms (compile: 1922µs, proxy.ts: 2ms, render: 55ms)
 GET /charting 200 in 49ms (compile: 3ms, proxy.ts: 11ms, render: 35ms)
 GET /player/CBurrows1?outingId=CBurrows1%2F2026_03_01&from=command 200 in 59ms (compile: 6ms, proxy.ts: 11ms, render: 43ms)
 GET /charting 200 in 51ms (compile: 11ms, proxy.ts: 1505µs, render: 38ms)
 GET /player/CBurrows1?outingId=CBurrows1%2F2026_03_01&from=command 200 in 50ms (compile: 3ms, proxy.ts: 3ms, render: 44ms)
 GET /charting 200 in 58ms (compile: 9ms, proxy.ts: 2ms, render: 47ms)
 GET /player/CBurrows1?outingId=CBurrows1%2F2026_03_01&from=command 200 in 58ms (compile: 12ms, proxy.ts: 6ms, render: 39ms)
 GET /charting 200 in 70ms (compile: 1904µs, proxy.ts: 2ms, render: 66ms)
 GET /charting 200 in 70ms (compile: 1856µs, proxy.ts: 2ms, render: 66ms)
 GET /player/CBurrows1?outingId=CBurrows1%2F2026_03_01&from=command 200 in 69ms (compile: 12ms, proxy.ts: 2ms, render: 55ms)
 GET /charting 200 in 70ms (compile: 8ms, proxy.ts: 14ms, render: 47ms)
 GET /player/CBurrows1?outingId=CBurrows1%2F2026_03_01&from=command 200 in 64ms (compile: 4ms, proxy.ts: 18ms, render: 41ms)
 GET /charting 200 in 59ms (compile: 9ms, proxy.ts: 1948µs, render: 48ms)
 GET /player/CBurrows1?outingId=CBurrows1%2F2026_03_01&from=command 200 in 53ms (compile: 12ms, proxy.ts: 4ms, render: 37ms)
 GET /charting 200 in 63ms (compile: 1474µs, proxy.ts: 1658µs, render: 60ms)
 GET /charting 200 in 64ms (compile: 3ms, proxy.ts: 3ms, render: 58ms)
 GET /player/CBurrows1?outingId=CBurrows1%2F2026_03_01&from=command 200 in 64ms (compile: 14ms, proxy.ts: 4ms, render: 46ms)
 GET /charting 200 in 51ms (compile: 3ms, proxy.ts: 11ms, render: 37ms)
 GET /player/CBurrows1?outingId=CBurrows1%2F2026_03_01&from=command 200 in 66ms (compile: 5ms, proxy.ts: 13ms, render: 48ms)
 GET /charting 200 in 64ms (compile: 11ms, proxy.ts: 1771µs, render: 51ms)
 GET /player/CBurrows1?outingId=CBurrows1%2F2026_03_01&from=command 200 in 53ms (compile: 12ms, proxy.ts: 3ms, render: 39ms)
 GET /charting 200 in 62ms (compile: 2ms, proxy.ts: 1861µs, render: 58ms)
 GET /charting 200 in 57ms (compile: 1831µs, proxy.ts: 4ms, render: 51ms)
 GET /player/CBurrows1?outingId=CBurrows1%2F2026_03_01&from=command 200 in 57ms (compile: 12ms, proxy.ts: 3ms, render: 42ms)
 GET /charting 200 in 46ms (compile: 3ms, proxy.ts: 10ms, render: 34ms)
 GET /player/CBurrows1?outingId=CBurrows1%2F2026_03_01&from=command 200 in 57ms (compile: 5ms, proxy.ts: 10ms, render: 42ms)
 GET /charting 200 in 61ms (compile: 9ms, proxy.ts: 2ms, render: 50ms)
 GET /player/CBurrows1?outingId=CBurrows1%2F2026_03_01&from=command 200 in 55ms (compile: 14ms, proxy.ts: 3ms, render: 39ms)
 GET /charting 200 in 65ms (compile: 3ms, proxy.ts: 1560µs, render: 61ms)
 GET /charting 200 in 75ms (compile: 2ms, proxy.ts: 2ms, render: 70ms)
 GET /player/CBurrows1?outingId=CBurrows1%2F2026_03_01&from=command 200 in 78ms (compile: 17ms, proxy.ts: 2ms, render: 58ms)
 GET /charting 200 in 81ms (compile: 14ms, proxy.ts: 1988µs, render: 65ms)
 GET /player/CBurrows1?outingId=CBurrows1%2F2026_03_01&from=command 200 in 80ms (compile: 14ms, proxy.ts: 13ms, render: 53ms)
 GET /charting 200 in 117ms (compile: 1864µs, proxy.ts: 2ms, render: 113ms)
 GET /charting 200 in 144ms (compile: 4ms, proxy.ts: 15ms, render: 125ms)
 GET /player/CBurrows1?outingId=CBurrows1%2F2026_03_01&from=command 200 in 137ms (compile: 15ms, proxy.ts: 8ms, render: 113ms)
 GET /charting 200 in 120ms (compile: 5ms, proxy.ts: 11ms, render: 104ms)
 GET /player/CBurrows1?outingId=CBurrows1%2F2026_03_01&from=command 200 in 136ms (compile: 10ms, proxy.ts: 49ms, render: 76ms)
 GET /charting 200 in 88ms (compile: 19ms, proxy.ts: 7ms, render: 62ms)
 GET /player/CBurrows1?outingId=CBurrows1%2F2026_03_01&from=command 200 in 60ms (compile: 21ms, proxy.ts: 6ms, render: 33ms)
 GET /charting 200 in 65ms (compile: 9ms, proxy.ts: 2ms, render: 53ms)
 GET /player/CBurrows1?outingId=CBurrows1%2F2026_03_01&from=command 200 in 56ms (compile: 13ms, proxy.ts: 3ms, render: 40ms)
 GET /charting 200 in 58ms (compile: 2ms, proxy.ts: 4ms, render: 52ms)
 GET /charting 200 in 48ms (compile: 2ms, proxy.ts: 11ms, render: 35ms)
 GET /player/CBurrows1?outingId=CBurrows1%2F2026_03_01&from=command 200 in 56ms (compile: 4ms, proxy.ts: 10ms, render: 42ms)
 GET /charting 200 in 57ms (compile: 10ms, proxy.ts: 1749µs, render: 46ms)
 GET /player/CBurrows1?outingId=CBurrows1%2F2026_03_01&from=command 200 in 67ms (compile: 13ms, proxy.ts: 12ms, render: 42ms)
 GET /charting 200 in 58ms (compile: 3ms, proxy.ts: 1968µs, render: 52ms)
 GET /charting 200 in 62ms (compile: 1479µs, proxy.ts: 3ms, render: 58ms)
 GET /player/CBurrows1?outingId=CBurrows1%2F2026_03_01&from=command 200 in 62ms (compile: 15ms, proxy.ts: 2ms, render: 45ms)
 GET /charting 200 in 63ms (compile: 10ms, proxy.ts: 3ms, render: 49ms)
 GET /player/CBurrows1?outingId=CBurrows1%2F2026_03_01&from=command 200 in 52ms (compile: 17ms, proxy.ts: 11ms, render: 24ms)
 GET /charting 200 in 60ms (compile: 2ms, proxy.ts: 1976µs, render: 56ms)
 GET /charting 200 in 46ms (compile: 1502µs, proxy.ts: 3ms, render: 42ms)
 GET /player/CBurrows1?outingId=CBurrows1%2F2026_03_01&from=command 200 in 56ms (compile: 4ms, proxy.ts: 11ms, render: 41ms)
 GET /charting 200 in 47ms (compile: 9ms, proxy.ts: 2ms, render: 35ms)
 GET /player/CBurrows1?outingId=CBurrows1%2F2026_03_01&from=command 200 in 48ms (compile: 12ms, proxy.ts: 2ms, render: 33ms)
 GET /charting 200 in 57ms (compile: 1512µs, proxy.ts: 2ms, render: 53ms)
 GET /charting 200 in 56ms (compile: 2ms, proxy.ts: 2ms, render: 51ms)
 GET /player/CBurrows1?outingId=CBurrows1%2F2026_03_01&from=command 200 in 56ms (compile: 12ms, proxy.ts: 2ms, render: 42ms)
 GET /charting 200 in 47ms (compile: 3ms, proxy.ts: 10ms, render: 34ms)
 GET /player/CBurrows1?outingId=CBurrows1%2F2026_03_01&from=command 200 in 57ms (compile: 4ms, proxy.ts: 11ms, render: 42ms)
 GET /charting 200 in 56ms (compile: 11ms, proxy.ts: 1459µs, render: 44ms)
 GET /player/CBurrows1?outingId=CBurrows1%2F2026_03_01&from=command 200 in 53ms (compile: 13ms, proxy.ts: 3ms, render: 37ms)
 GET /charting 200 in 62ms (compile: 1985µs, proxy.ts: 1483µs, render: 58ms)
 GET /charting 200 in 61ms (compile: 1701µs, proxy.ts: 2ms, render: 57ms)
 GET /player/CBurrows1?outingId=CBurrows1%2F2026_03_01&from=command 200 in 60ms (compile: 11ms, proxy.ts: 1706µs, render: 47ms)
 GET /charting 200 in 52ms (compile: 2ms, proxy.ts: 16ms, render: 34ms)
 GET /player/CBurrows1?outingId=CBurrows1%2F2026_03_01&from=command 200 in 57ms (compile: 4ms, proxy.ts: 11ms, render: 43ms)
 GET /charting 200 in 48ms (compile: 9ms, proxy.ts: 1518µs, render: 37ms)
 GET /player/CBurrows1?outingId=CBurrows1%2F2026_03_01&from=command 200 in 47ms (compile: 12ms, proxy.ts: 2ms, render: 33ms)
 GET /charting 200 in 57ms (compile: 2ms, proxy.ts: 1508µs, render: 53ms)
 GET /charting 200 in 55ms (compile: 3ms, proxy.ts: 2ms, render: 50ms)
 GET /player/CBurrows1?outingId=CBurrows1%2F2026_03_01&from=command 200 in 55ms (compile: 13ms, proxy.ts: 1996µs, render: 40ms)
 GET /charting 200 in 45ms (compile: 3ms, proxy.ts: 9ms, render: 33ms)
 GET /player/CBurrows1?outingId=CBurrows1%2F2026_03_01&from=command 200 in 54ms (compile: 3ms, proxy.ts: 12ms, render: 40ms)
 GET /charting 200 in 44ms (compile: 9ms, proxy.ts: 1415µs, render: 34ms)
 GET /player/CBurrows1?outingId=CBurrows1%2F2026_03_01&from=command 200 in 50ms (compile: 11ms, proxy.ts: 3ms, render: 36ms)
 GET /charting 200 in 63ms (compile: 2ms, proxy.ts: 1885µs, render: 59ms)
 GET /charting 200 in 65ms (compile: 4ms, proxy.ts: 3ms, render: 58ms)
 GET /player/CBurrows1?outingId=CBurrows1%2F2026_03_01&from=command 200 in 64ms (compile: 16ms, proxy.ts: 1961µs, render: 46ms)
 GET /charting 200 in 52ms (compile: 2ms, proxy.ts: 11ms, render: 39ms)
 GET /player/CBurrows1?outingId=CBurrows1%2F2026_03_01&from=command 200 in 59ms (compile: 4ms, proxy.ts: 16ms, render: 39ms)
 GET /charting 200 in 54ms (compile: 10ms, proxy.ts: 1777µs, render: 42ms)
 GET /player/CBurrows1?outingId=CBurrows1%2F2026_03_01&from=command 200 in 53ms (compile: 11ms, proxy.ts: 3ms, render: 39ms)
 GET /charting 200 in 52ms (compile: 1853µs, proxy.ts: 1978µs, render: 49ms)
 GET /charting 200 in 52ms (compile: 2ms, proxy.ts: 2ms, render: 48ms)
 GET /player/CBurrows1?outingId=CBurrows1%2F2026_03_01&from=command 200 in 53ms (compile: 13ms, proxy.ts: 3ms, render: 38ms)
 GET /charting 200 in 43ms (compile: 9ms, proxy.ts: 1602µs, render: 33ms)
 GET /player/CBurrows1?outingId=CBurrows1%2F2026_03_01&from=command 200 in 54ms (compile: 3ms, proxy.ts: 11ms, render: 40ms)
 GET /charting 200 in 55ms (compile: 9ms, proxy.ts: 2ms, render: 44ms)
 GET /player/CBurrows1?outingId=CBurrows1%2F2026_03_01&from=command 200 in 54ms (compile: 12ms, proxy.ts: 3ms, render: 39ms)
 GET /charting 200 in 54ms (compile: 1930µs, proxy.ts: 2ms, render: 49ms)
 GET /charting 200 in 58ms (compile: 1509µs, proxy.ts: 3ms, render: 54ms)
 GET /player/CBurrows1?outingId=CBurrows1%2F2026_03_01&from=command 200 in 59ms (compile: 12ms, proxy.ts: 2ms, render: 44ms)
 GET /charting 200 in 49ms (compile: 9ms, proxy.ts: 1904µs, render: 39ms)
 GET /player/CBurrows1?outingId=CBurrows1%2F2026_03_01&from=command 200 in 51ms (compile: 12ms, proxy.ts: 3ms, render: 36ms)
 GET /charting 200 in 59ms (compile: 1699µs, proxy.ts: 1789µs, render: 55ms)
 GET /charting 200 in 52ms (compile: 1821µs, proxy.ts: 1782µs, render: 49ms)
 GET /player/CBurrows1?outingId=CBurrows1%2F2026_03_01&from=command 200 in 53ms (compile: 12ms, proxy.ts: 1779µs, render: 39ms)
 GET /charting 200 in 63ms (compile: 1950µs, proxy.ts: 9ms, render: 52ms)
 GET /player/CBurrows1?outingId=CBurrows1%2F2026_03_01&from=command 200 in 56ms (compile: 4ms, proxy.ts: 10ms, render: 42ms)
 GET /charting 200 in 48ms (compile: 10ms, proxy.ts: 1763µs, render: 36ms)
 GET /player/CBurrows1?outingId=CBurrows1%2F2026_03_01&from=command 200 in 56ms (compile: 3ms, proxy.ts: 11ms, render: 43ms)
 GET /charting 200 in 48ms (compile: 10ms, proxy.ts: 1363µs, render: 37ms)
 GET /player/CBurrows1?outingId=CBurrows1%2F2026_03_01&from=command 200 in 47ms (compile: 12ms, proxy.ts: 3ms, render: 32ms)
 GET /charting 200 in 47ms (compile: 1992µs, proxy.ts: 1927µs, render: 43ms)
 GET /player/CBurrows1?outingId=CBurrows1%2F2026_03_01&from=command 200 in 55ms (compile: 12ms, proxy.ts: 3ms, render: 40ms)
 GET /charting 200 in 57ms (compile: 3ms, proxy.ts: 2ms, render: 52ms)
 GET /charting 200 in 46ms (compile: 3ms, proxy.ts: 10ms, render: 33ms)
 GET /player/CBurrows1?outingId=CBurrows1%2F2026_03_01&from=command 200 in 59ms (compile: 4ms, proxy.ts: 11ms, render: 44ms)
 GET /charting 200 in 48ms (compile: 10ms, proxy.ts: 1847µs, render: 37ms)
 GET /player/CBurrows1?outingId=CBurrows1%2F2026_03_01&from=command 200 in 47ms (compile: 17ms, proxy.ts: 11ms, render: 19ms)
 GET /charting 200 in 38ms (compile: 1926µs, proxy.ts: 1484µs, render: 35ms)
 GET /player/CBurrows1?outingId=CBurrows1%2F2026_03_01&from=command 200 in 15ms (compile: 2ms, proxy.ts: 1701µs, render: 11ms)
 GET /player/CBurrows1?outingId=CBurrows1%2F2026_03_01&from=command 200 in 14ms (compile: 2ms, proxy.ts: 1867µs, render: 10ms)
 GET /player/CBurrows1?outingId=CBurrows1%2F2026_03_01&from=command 200 in 22ms (compile: 4ms, proxy.ts: 1493µs, render: 17ms)
 GET /player/CBurrows1?outingId=CBurrows1%2F2026_03_01&from=command 200 in 25ms (compile: 6ms, proxy.ts: 1437µs, render: 18ms)
 GET /player/CBurrows1?outingId=CBurrows1%2F2026_03_01&from=command 200 in 19ms (compile: 3ms, proxy.ts: 2ms, render: 13ms)
 GET /player/CBurrows1?outingId=CBurrows1%2F2026_03_01&from=command 200 in 26ms (compile: 3ms, proxy.ts: 1587µs, render: 21ms)
 GET /player/CBurrows1?outingId=CBurrows1%2F2026_03_01&from=command 200 in 25ms (compile: 4ms, proxy.ts: 4ms, render: 17ms)
 GET /player/CBurrows1?outingId=CBurrows1%2F2026_03_01&from=command 200 in 17ms (compile: 3ms, proxy.ts: 1621µs, render: 13ms)
 GET /player/CBurrows1?outingId=CBurrows1%2F2026_03_01&from=command 200 in 15ms (compile: 3ms, proxy.ts: 2ms, render: 10ms)
 GET /player/CBurrows1?outingId=CBurrows1%2F2026_03_01&from=command 200 in 14ms (compile: 2ms, proxy.ts: 1466µs, render: 10ms)
 GET /player/CBurrows1?outingId=CBurrows1%2F2026_03_01&from=command 200 in 14ms (compile: 3ms, proxy.ts: 1391µs, render: 10ms)
 GET /player/CBurrows1?outingId=CBurrows1%2F2026_03_01&from=command 200 in 14ms (compile: 2ms, proxy.ts: 1577µs, render: 10ms)
 GET /player/CBurrows1?outingId=CBurrows1%2F2026_03_01&from=command 200 in 14ms (compile: 3ms, proxy.ts: 1528µs, render: 10ms)
 GET /player/CBurrows1?outingId=CBurrows1%2F2026_03_01&from=command 200 in 22ms (compile: 4ms, proxy.ts: 1166µs, render: 17ms)
 GET /player/CBurrows1?outingId=CBurrows1%2F2026_03_01&from=command 200 in 18ms (compile: 2ms, proxy.ts: 6ms, render: 9ms)
 GET /player/CBurrows1?outingId=CBurrows1%2F2026_03_01&from=command 200 in 13ms (compile: 2ms, proxy.ts: 1304µs, render: 10ms)
 GET /player/CBurrows1?outingId=CBurrows1%2F2026_03_01&from=command 200 in 14ms (compile: 3ms, proxy.ts: 1067µs, render: 10ms)
 GET /player/CBurrows1?outingId=CBurrows1%2F2026_03_01&from=command 200 in 13ms (compile: 2ms, proxy.ts: 1329µs, render: 9ms)
 GET /player/CBurrows1?outingId=CBurrows1%2F2026_03_01&from=command 200 in 21ms (compile: 2ms, proxy.ts: 1293µs, render: 18ms)
 GET /player/CBurrows1?outingId=CBurrows1%2F2026_03_01&from=command 200 in 22ms (compile: 2ms, proxy.ts: 1245µs, render: 19ms)
 GET /player/CBurrows1?outingId=CBurrows1%2F2026_03_01&from=command 200 in 13ms (compile: 1743µs, proxy.ts: 1405µs, render: 10ms)
 GET /player/CBurrows1?outingId=CBurrows1%2F2026_03_01&from=command 200 in 14ms (compile: 2ms, proxy.ts: 1427µs, render: 10ms)
 GET /player/CBurrows1?outingId=CBurrows1%2F2026_03_01&from=command 200 in 15ms (compile: 3ms, proxy.ts: 1246µs, render: 10ms)
 GET /player/CBurrows1?outingId=CBurrows1%2F2026_03_01&from=command 200 in 13ms (compile: 2ms, proxy.ts: 1537µs, render: 10ms)
 GET /player/CBurrows1?outingId=CBurrows1%2F2026_03_01&from=command 200 in 14ms (compile: 2ms, proxy.ts: 1427µs, render: 10ms)
 GET /player/CBurrows1?outingId=CBurrows1%2F2026_03_01&from=command 200 in 14ms (compile: 3ms, proxy.ts: 1588µs, render: 9ms)
 GET /player/CBurrows1?outingId=CBurrows1%2F2026_03_01&from=command 200 in 10ms (compile: 2ms, proxy.ts: 1436µs, render: 7ms)
 PATCH /api/charting/games/25cd0007-8961-477e-8648-d5c95c1b8159 409 in 928ms (compile: 66ms, proxy.ts: 4ms, render: 858ms)
 PATCH /api/charting/games/25cd0007-8961-477e-8648-d5c95c1b8159 409 in 204ms (compile: 9ms, proxy.ts: 7ms, render: 189ms)
